[2025-05-02T09:35:51.924+0000] {local_task_job_runner.py:120} INFO - ::group::Pre task execution logs
[2025-05-02T09:35:51.949+0000] {taskinstance.py:2076} INFO - Dependencies all met for dep_context=non-requeueable deps ti=<TaskInstance: gcs_bronze_to_silver.wait_for_mysql_to_gcs scheduled__2025-05-01T00:00:00+00:00 [queued]>
[2025-05-02T09:35:51.960+0000] {taskinstance.py:2076} INFO - Dependencies all met for dep_context=requeueable deps ti=<TaskInstance: gcs_bronze_to_silver.wait_for_mysql_to_gcs scheduled__2025-05-01T00:00:00+00:00 [queued]>
[2025-05-02T09:35:51.961+0000] {taskinstance.py:2306} INFO - Starting attempt 1 of 4
[2025-05-02T09:35:52.003+0000] {taskinstance.py:2330} INFO - Executing <Task(ExternalTaskSensor): wait_for_mysql_to_gcs> on 2025-05-01 00:00:00+00:00
[2025-05-02T09:35:52.011+0000] {warnings.py:112} WARNING - /home/***/.local/lib/python3.12/site-packages/***/task/task_runner/standard_task_runner.py:61: DeprecationWarning: This process (pid=1379) is multi-threaded, use of fork() may lead to deadlocks in the child.
  pid = os.fork()

[2025-05-02T09:35:52.014+0000] {standard_task_runner.py:63} INFO - Started process 1381 to run task
[2025-05-02T09:35:52.013+0000] {standard_task_runner.py:90} INFO - Running: ['***', 'tasks', 'run', 'gcs_bronze_to_silver', 'wait_for_mysql_to_gcs', 'scheduled__2025-05-01T00:00:00+00:00', '--job-id', '40', '--raw', '--subdir', 'DAGS_FOLDER/gcs_bronze_to_silver_layer.py', '--cfg-path', '/tmp/tmplo_ztjq0']
[2025-05-02T09:35:52.015+0000] {standard_task_runner.py:91} INFO - Job 40: Subtask wait_for_mysql_to_gcs
[2025-05-02T09:35:52.108+0000] {task_command.py:426} INFO - Running <TaskInstance: gcs_bronze_to_silver.wait_for_mysql_to_gcs scheduled__2025-05-01T00:00:00+00:00 [running]> on host dfbad22d9104
[2025-05-02T09:35:52.281+0000] {taskinstance.py:2648} INFO - Exporting env vars: AIRFLOW_CTX_DAG_OWNER='***' AIRFLOW_CTX_DAG_ID='gcs_bronze_to_silver' AIRFLOW_CTX_TASK_ID='wait_for_mysql_to_gcs' AIRFLOW_CTX_EXECUTION_DATE='2025-05-01T00:00:00+00:00' AIRFLOW_CTX_TRY_NUMBER='1' AIRFLOW_CTX_DAG_RUN_ID='scheduled__2025-05-01T00:00:00+00:00'
[2025-05-02T09:35:52.283+0000] {taskinstance.py:430} INFO - ::endgroup::
[2025-05-02T09:35:52.284+0000] {baseoperator.py:400} WARNING - ExternalTaskSensor.execute cannot be called outside TaskInstance!
[2025-05-02T09:35:52.295+0000] {external_task.py:258} INFO - Poking for tasks ['extract_product_usage_logs'] in dag mysql_to_gcs on 2025-05-01T00:00:00+00:00 ... 
[2025-05-02T09:35:52.308+0000] {dagbag.py:545} INFO - Filling up the DagBag from /opt/***/dags/mysql_to_gcs_dag.py
[2025-05-02T09:35:52.418+0000] {warnings.py:112} WARNING - /home/***/.local/lib/python3.12/site-packages/***/models/dagbag.py:351: RemovedInAirflow3Warning: Param `schedule_interval` is deprecated and will be removed in a future release. Please use `schedule` instead. 
  loader.exec_module(new_module)

[2025-05-02T09:35:52.728+0000] {warnings.py:112} WARNING - /home/***/.local/lib/python3.12/site-packages/***/utils/session.py:79: DeprecationWarning: This method is deprecated and will be removed in future.
  return func(*args, session=session, **kwargs)

[2025-05-02T09:35:52.743+0000] {taskinstance.py:441} INFO - ::group::Post task execution logs
[2025-05-02T09:35:54.289+0000] {taskinstance.py:2865} INFO - Rescheduling task, marking task as UP_FOR_RESCHEDULE
[2025-05-02T09:35:54.322+0000] {local_task_job_runner.py:240} INFO - Task exited with return code 0
[2025-05-02T09:35:54.370+0000] {taskinstance.py:3503} INFO - 0 downstream tasks scheduled from follow-on schedule check
[2025-05-02T09:35:54.415+0000] {local_task_job_runner.py:222} INFO - ::endgroup::
[2025-05-02T09:36:58.879+0000] {local_task_job_runner.py:120} INFO - ::group::Pre task execution logs
[2025-05-02T09:36:58.901+0000] {taskinstance.py:2076} INFO - Dependencies all met for dep_context=non-requeueable deps ti=<TaskInstance: gcs_bronze_to_silver.wait_for_mysql_to_gcs scheduled__2025-05-01T00:00:00+00:00 [queued]>
[2025-05-02T09:36:58.917+0000] {taskinstance.py:2076} INFO - Dependencies all met for dep_context=requeueable deps ti=<TaskInstance: gcs_bronze_to_silver.wait_for_mysql_to_gcs scheduled__2025-05-01T00:00:00+00:00 [queued]>
[2025-05-02T09:36:58.918+0000] {taskinstance.py:2306} INFO - Starting attempt 1 of 4
[2025-05-02T09:36:59.060+0000] {taskinstance.py:2330} INFO - Executing <Task(ExternalTaskSensor): wait_for_mysql_to_gcs> on 2025-05-01 00:00:00+00:00
[2025-05-02T09:36:59.068+0000] {warnings.py:112} WARNING - /home/***/.local/lib/python3.12/site-packages/***/task/task_runner/standard_task_runner.py:61: DeprecationWarning: This process (pid=1396) is multi-threaded, use of fork() may lead to deadlocks in the child.
  pid = os.fork()

[2025-05-02T09:36:59.070+0000] {standard_task_runner.py:63} INFO - Started process 1398 to run task
[2025-05-02T09:36:59.070+0000] {standard_task_runner.py:90} INFO - Running: ['***', 'tasks', 'run', 'gcs_bronze_to_silver', 'wait_for_mysql_to_gcs', 'scheduled__2025-05-01T00:00:00+00:00', '--job-id', '41', '--raw', '--subdir', 'DAGS_FOLDER/gcs_bronze_to_silver_layer.py', '--cfg-path', '/tmp/tmpy2xwdl7c']
[2025-05-02T09:36:59.072+0000] {standard_task_runner.py:91} INFO - Job 41: Subtask wait_for_mysql_to_gcs
[2025-05-02T09:36:59.217+0000] {task_command.py:426} INFO - Running <TaskInstance: gcs_bronze_to_silver.wait_for_mysql_to_gcs scheduled__2025-05-01T00:00:00+00:00 [running]> on host dfbad22d9104
[2025-05-02T09:36:59.360+0000] {taskinstance.py:2648} INFO - Exporting env vars: AIRFLOW_CTX_DAG_OWNER='***' AIRFLOW_CTX_DAG_ID='gcs_bronze_to_silver' AIRFLOW_CTX_TASK_ID='wait_for_mysql_to_gcs' AIRFLOW_CTX_EXECUTION_DATE='2025-05-01T00:00:00+00:00' AIRFLOW_CTX_TRY_NUMBER='1' AIRFLOW_CTX_DAG_RUN_ID='scheduled__2025-05-01T00:00:00+00:00'
[2025-05-02T09:36:59.362+0000] {taskinstance.py:430} INFO - ::endgroup::
[2025-05-02T09:36:59.363+0000] {baseoperator.py:400} WARNING - ExternalTaskSensor.execute cannot be called outside TaskInstance!
[2025-05-02T09:36:59.374+0000] {external_task.py:258} INFO - Poking for tasks ['extract_product_usage_logs'] in dag mysql_to_gcs on 2025-05-01T00:00:00+00:00 ... 
[2025-05-02T09:36:59.386+0000] {dagbag.py:545} INFO - Filling up the DagBag from /opt/***/dags/mysql_to_gcs_dag.py
[2025-05-02T09:36:59.441+0000] {warnings.py:112} WARNING - /home/***/.local/lib/python3.12/site-packages/***/models/dagbag.py:351: RemovedInAirflow3Warning: Param `schedule_interval` is deprecated and will be removed in a future release. Please use `schedule` instead. 
  loader.exec_module(new_module)

[2025-05-02T09:36:59.752+0000] {warnings.py:112} WARNING - /home/***/.local/lib/python3.12/site-packages/***/utils/session.py:79: DeprecationWarning: This method is deprecated and will be removed in future.
  return func(*args, session=session, **kwargs)

[2025-05-02T09:36:59.765+0000] {taskinstance.py:441} INFO - ::group::Post task execution logs
[2025-05-02T09:36:59.825+0000] {taskinstance.py:2865} INFO - Rescheduling task, marking task as UP_FOR_RESCHEDULE
[2025-05-02T09:36:59.848+0000] {local_task_job_runner.py:240} INFO - Task exited with return code 0
[2025-05-02T09:36:59.886+0000] {taskinstance.py:3503} INFO - 0 downstream tasks scheduled from follow-on schedule check
[2025-05-02T09:36:59.947+0000] {local_task_job_runner.py:222} INFO - ::endgroup::
[2025-05-02T09:38:09.113+0000] {local_task_job_runner.py:120} INFO - ::group::Pre task execution logs
[2025-05-02T09:38:09.166+0000] {taskinstance.py:2076} INFO - Dependencies all met for dep_context=non-requeueable deps ti=<TaskInstance: gcs_bronze_to_silver.wait_for_mysql_to_gcs scheduled__2025-05-01T00:00:00+00:00 [queued]>
[2025-05-02T09:38:09.188+0000] {taskinstance.py:2076} INFO - Dependencies all met for dep_context=requeueable deps ti=<TaskInstance: gcs_bronze_to_silver.wait_for_mysql_to_gcs scheduled__2025-05-01T00:00:00+00:00 [queued]>
[2025-05-02T09:38:09.191+0000] {taskinstance.py:2306} INFO - Starting attempt 1 of 4
[2025-05-02T09:38:09.246+0000] {taskinstance.py:2330} INFO - Executing <Task(ExternalTaskSensor): wait_for_mysql_to_gcs> on 2025-05-01 00:00:00+00:00
[2025-05-02T09:38:09.261+0000] {standard_task_runner.py:90} INFO - Running: ['***', 'tasks', 'run', 'gcs_bronze_to_silver', 'wait_for_mysql_to_gcs', 'scheduled__2025-05-01T00:00:00+00:00', '--job-id', '45', '--raw', '--subdir', 'DAGS_FOLDER/gcs_bronze_to_silver_layer.py', '--cfg-path', '/tmp/tmp_4_2dgse']
[2025-05-02T09:38:09.265+0000] {standard_task_runner.py:91} INFO - Job 45: Subtask wait_for_mysql_to_gcs
[2025-05-02T09:38:09.271+0000] {warnings.py:112} WARNING - /home/***/.local/lib/python3.12/site-packages/***/task/task_runner/standard_task_runner.py:61: DeprecationWarning: This process (pid=1415) is multi-threaded, use of fork() may lead to deadlocks in the child.
  pid = os.fork()

[2025-05-02T09:38:09.274+0000] {standard_task_runner.py:63} INFO - Started process 1424 to run task
[2025-05-02T09:38:09.426+0000] {task_command.py:426} INFO - Running <TaskInstance: gcs_bronze_to_silver.wait_for_mysql_to_gcs scheduled__2025-05-01T00:00:00+00:00 [running]> on host dfbad22d9104
[2025-05-02T09:38:09.649+0000] {taskinstance.py:2648} INFO - Exporting env vars: AIRFLOW_CTX_DAG_OWNER='***' AIRFLOW_CTX_DAG_ID='gcs_bronze_to_silver' AIRFLOW_CTX_TASK_ID='wait_for_mysql_to_gcs' AIRFLOW_CTX_EXECUTION_DATE='2025-05-01T00:00:00+00:00' AIRFLOW_CTX_TRY_NUMBER='1' AIRFLOW_CTX_DAG_RUN_ID='scheduled__2025-05-01T00:00:00+00:00'
[2025-05-02T09:38:09.651+0000] {taskinstance.py:430} INFO - ::endgroup::
[2025-05-02T09:38:09.652+0000] {baseoperator.py:400} WARNING - ExternalTaskSensor.execute cannot be called outside TaskInstance!
[2025-05-02T09:38:09.665+0000] {external_task.py:258} INFO - Poking for tasks ['extract_product_usage_logs'] in dag mysql_to_gcs on 2025-05-01T00:00:00+00:00 ... 
[2025-05-02T09:38:09.680+0000] {dagbag.py:545} INFO - Filling up the DagBag from /opt/***/dags/mysql_to_gcs_dag.py
[2025-05-02T09:38:09.779+0000] {warnings.py:112} WARNING - /home/***/.local/lib/python3.12/site-packages/***/models/dagbag.py:351: RemovedInAirflow3Warning: Param `schedule_interval` is deprecated and will be removed in a future release. Please use `schedule` instead. 
  loader.exec_module(new_module)

[2025-05-02T09:38:10.154+0000] {warnings.py:112} WARNING - /home/***/.local/lib/python3.12/site-packages/***/utils/session.py:79: DeprecationWarning: This method is deprecated and will be removed in future.
  return func(*args, session=session, **kwargs)

[2025-05-02T09:38:10.169+0000] {taskinstance.py:441} INFO - ::group::Post task execution logs
[2025-05-02T09:38:10.280+0000] {taskinstance.py:2865} INFO - Rescheduling task, marking task as UP_FOR_RESCHEDULE
[2025-05-02T09:38:10.300+0000] {local_task_job_runner.py:240} INFO - Task exited with return code 0
[2025-05-02T09:38:10.344+0000] {taskinstance.py:3503} INFO - 0 downstream tasks scheduled from follow-on schedule check
[2025-05-02T09:38:10.403+0000] {local_task_job_runner.py:222} INFO - ::endgroup::
[2025-05-02T09:39:14.251+0000] {local_task_job_runner.py:120} INFO - ::group::Pre task execution logs
[2025-05-02T09:39:14.276+0000] {taskinstance.py:2076} INFO - Dependencies all met for dep_context=non-requeueable deps ti=<TaskInstance: gcs_bronze_to_silver.wait_for_mysql_to_gcs scheduled__2025-05-01T00:00:00+00:00 [queued]>
[2025-05-02T09:39:14.287+0000] {taskinstance.py:2076} INFO - Dependencies all met for dep_context=requeueable deps ti=<TaskInstance: gcs_bronze_to_silver.wait_for_mysql_to_gcs scheduled__2025-05-01T00:00:00+00:00 [queued]>
[2025-05-02T09:39:14.288+0000] {taskinstance.py:2306} INFO - Starting attempt 1 of 4
[2025-05-02T09:39:14.335+0000] {taskinstance.py:2330} INFO - Executing <Task(ExternalTaskSensor): wait_for_mysql_to_gcs> on 2025-05-01 00:00:00+00:00
[2025-05-02T09:39:14.344+0000] {warnings.py:112} WARNING - /home/***/.local/lib/python3.12/site-packages/***/task/task_runner/standard_task_runner.py:61: DeprecationWarning: This process (pid=1432) is multi-threaded, use of fork() may lead to deadlocks in the child.
  pid = os.fork()

[2025-05-02T09:39:14.346+0000] {standard_task_runner.py:63} INFO - Started process 1434 to run task
[2025-05-02T09:39:14.346+0000] {standard_task_runner.py:90} INFO - Running: ['***', 'tasks', 'run', 'gcs_bronze_to_silver', 'wait_for_mysql_to_gcs', 'scheduled__2025-05-01T00:00:00+00:00', '--job-id', '46', '--raw', '--subdir', 'DAGS_FOLDER/gcs_bronze_to_silver_layer.py', '--cfg-path', '/tmp/tmpnslasld3']
[2025-05-02T09:39:14.348+0000] {standard_task_runner.py:91} INFO - Job 46: Subtask wait_for_mysql_to_gcs
[2025-05-02T09:39:14.427+0000] {task_command.py:426} INFO - Running <TaskInstance: gcs_bronze_to_silver.wait_for_mysql_to_gcs scheduled__2025-05-01T00:00:00+00:00 [running]> on host dfbad22d9104
[2025-05-02T09:39:14.588+0000] {taskinstance.py:2648} INFO - Exporting env vars: AIRFLOW_CTX_DAG_OWNER='***' AIRFLOW_CTX_DAG_ID='gcs_bronze_to_silver' AIRFLOW_CTX_TASK_ID='wait_for_mysql_to_gcs' AIRFLOW_CTX_EXECUTION_DATE='2025-05-01T00:00:00+00:00' AIRFLOW_CTX_TRY_NUMBER='1' AIRFLOW_CTX_DAG_RUN_ID='scheduled__2025-05-01T00:00:00+00:00'
[2025-05-02T09:39:14.589+0000] {taskinstance.py:430} INFO - ::endgroup::
[2025-05-02T09:39:14.590+0000] {baseoperator.py:400} WARNING - ExternalTaskSensor.execute cannot be called outside TaskInstance!
[2025-05-02T09:39:14.606+0000] {external_task.py:258} INFO - Poking for tasks ['extract_product_usage_logs'] in dag mysql_to_gcs on 2025-05-01T00:00:00+00:00 ... 
[2025-05-02T09:39:14.617+0000] {dagbag.py:545} INFO - Filling up the DagBag from /opt/***/dags/mysql_to_gcs_dag.py
[2025-05-02T09:39:14.669+0000] {warnings.py:112} WARNING - /home/***/.local/lib/python3.12/site-packages/***/models/dagbag.py:351: RemovedInAirflow3Warning: Param `schedule_interval` is deprecated and will be removed in a future release. Please use `schedule` instead. 
  loader.exec_module(new_module)

[2025-05-02T09:39:14.959+0000] {warnings.py:112} WARNING - /home/***/.local/lib/python3.12/site-packages/***/utils/session.py:79: DeprecationWarning: This method is deprecated and will be removed in future.
  return func(*args, session=session, **kwargs)

[2025-05-02T09:39:14.972+0000] {taskinstance.py:441} INFO - ::group::Post task execution logs
[2025-05-02T09:39:15.040+0000] {taskinstance.py:2865} INFO - Rescheduling task, marking task as UP_FOR_RESCHEDULE
[2025-05-02T09:39:15.083+0000] {local_task_job_runner.py:240} INFO - Task exited with return code 0
[2025-05-02T09:39:15.133+0000] {taskinstance.py:3503} INFO - 0 downstream tasks scheduled from follow-on schedule check
[2025-05-02T09:39:15.157+0000] {local_task_job_runner.py:222} INFO - ::endgroup::
[2025-05-02T09:40:18.442+0000] {local_task_job_runner.py:120} INFO - ::group::Pre task execution logs
[2025-05-02T09:40:18.479+0000] {taskinstance.py:2076} INFO - Dependencies all met for dep_context=non-requeueable deps ti=<TaskInstance: gcs_bronze_to_silver.wait_for_mysql_to_gcs scheduled__2025-05-01T00:00:00+00:00 [queued]>
[2025-05-02T09:40:18.497+0000] {taskinstance.py:2076} INFO - Dependencies all met for dep_context=requeueable deps ti=<TaskInstance: gcs_bronze_to_silver.wait_for_mysql_to_gcs scheduled__2025-05-01T00:00:00+00:00 [queued]>
[2025-05-02T09:40:18.498+0000] {taskinstance.py:2306} INFO - Starting attempt 1 of 4
[2025-05-02T09:40:18.561+0000] {taskinstance.py:2330} INFO - Executing <Task(ExternalTaskSensor): wait_for_mysql_to_gcs> on 2025-05-01 00:00:00+00:00
[2025-05-02T09:40:18.578+0000] {standard_task_runner.py:90} INFO - Running: ['***', 'tasks', 'run', 'gcs_bronze_to_silver', 'wait_for_mysql_to_gcs', 'scheduled__2025-05-01T00:00:00+00:00', '--job-id', '47', '--raw', '--subdir', 'DAGS_FOLDER/gcs_bronze_to_silver_layer.py', '--cfg-path', '/tmp/tmp1ivm3phm']
[2025-05-02T09:40:18.587+0000] {standard_task_runner.py:91} INFO - Job 47: Subtask wait_for_mysql_to_gcs
[2025-05-02T09:40:18.575+0000] {warnings.py:112} WARNING - /home/***/.local/lib/python3.12/site-packages/***/task/task_runner/standard_task_runner.py:61: DeprecationWarning: This process (pid=1449) is multi-threaded, use of fork() may lead to deadlocks in the child.
  pid = os.fork()

[2025-05-02T09:40:18.595+0000] {standard_task_runner.py:63} INFO - Started process 1451 to run task
[2025-05-02T09:40:18.739+0000] {task_command.py:426} INFO - Running <TaskInstance: gcs_bronze_to_silver.wait_for_mysql_to_gcs scheduled__2025-05-01T00:00:00+00:00 [running]> on host dfbad22d9104
[2025-05-02T09:40:18.933+0000] {taskinstance.py:2648} INFO - Exporting env vars: AIRFLOW_CTX_DAG_OWNER='***' AIRFLOW_CTX_DAG_ID='gcs_bronze_to_silver' AIRFLOW_CTX_TASK_ID='wait_for_mysql_to_gcs' AIRFLOW_CTX_EXECUTION_DATE='2025-05-01T00:00:00+00:00' AIRFLOW_CTX_TRY_NUMBER='1' AIRFLOW_CTX_DAG_RUN_ID='scheduled__2025-05-01T00:00:00+00:00'
[2025-05-02T09:40:18.936+0000] {taskinstance.py:430} INFO - ::endgroup::
[2025-05-02T09:40:18.939+0000] {baseoperator.py:400} WARNING - ExternalTaskSensor.execute cannot be called outside TaskInstance!
[2025-05-02T09:40:18.957+0000] {external_task.py:258} INFO - Poking for tasks ['extract_product_usage_logs'] in dag mysql_to_gcs on 2025-05-01T00:00:00+00:00 ... 
[2025-05-02T09:40:18.978+0000] {dagbag.py:545} INFO - Filling up the DagBag from /opt/***/dags/mysql_to_gcs_dag.py
[2025-05-02T09:40:19.052+0000] {warnings.py:112} WARNING - /home/***/.local/lib/python3.12/site-packages/***/models/dagbag.py:351: RemovedInAirflow3Warning: Param `schedule_interval` is deprecated and will be removed in a future release. Please use `schedule` instead. 
  loader.exec_module(new_module)

[2025-05-02T09:40:19.498+0000] {warnings.py:112} WARNING - /home/***/.local/lib/python3.12/site-packages/***/utils/session.py:79: DeprecationWarning: This method is deprecated and will be removed in future.
  return func(*args, session=session, **kwargs)

[2025-05-02T09:40:19.514+0000] {taskinstance.py:441} INFO - ::group::Post task execution logs
[2025-05-02T09:40:19.562+0000] {taskinstance.py:2865} INFO - Rescheduling task, marking task as UP_FOR_RESCHEDULE
[2025-05-02T09:40:19.582+0000] {local_task_job_runner.py:240} INFO - Task exited with return code 0
[2025-05-02T09:40:19.627+0000] {taskinstance.py:3503} INFO - 0 downstream tasks scheduled from follow-on schedule check
[2025-05-02T09:40:19.660+0000] {local_task_job_runner.py:222} INFO - ::endgroup::
[2025-05-02T09:41:23.395+0000] {local_task_job_runner.py:120} INFO - ::group::Pre task execution logs
[2025-05-02T09:41:23.421+0000] {taskinstance.py:2076} INFO - Dependencies all met for dep_context=non-requeueable deps ti=<TaskInstance: gcs_bronze_to_silver.wait_for_mysql_to_gcs scheduled__2025-05-01T00:00:00+00:00 [queued]>
[2025-05-02T09:41:23.433+0000] {taskinstance.py:2076} INFO - Dependencies all met for dep_context=requeueable deps ti=<TaskInstance: gcs_bronze_to_silver.wait_for_mysql_to_gcs scheduled__2025-05-01T00:00:00+00:00 [queued]>
[2025-05-02T09:41:23.434+0000] {taskinstance.py:2306} INFO - Starting attempt 1 of 4
[2025-05-02T09:41:23.495+0000] {taskinstance.py:2330} INFO - Executing <Task(ExternalTaskSensor): wait_for_mysql_to_gcs> on 2025-05-01 00:00:00+00:00
[2025-05-02T09:41:23.505+0000] {warnings.py:112} WARNING - /home/***/.local/lib/python3.12/site-packages/***/task/task_runner/standard_task_runner.py:61: DeprecationWarning: This process (pid=1466) is multi-threaded, use of fork() may lead to deadlocks in the child.
  pid = os.fork()

[2025-05-02T09:41:23.506+0000] {standard_task_runner.py:63} INFO - Started process 1468 to run task
[2025-05-02T09:41:23.507+0000] {standard_task_runner.py:90} INFO - Running: ['***', 'tasks', 'run', 'gcs_bronze_to_silver', 'wait_for_mysql_to_gcs', 'scheduled__2025-05-01T00:00:00+00:00', '--job-id', '48', '--raw', '--subdir', 'DAGS_FOLDER/gcs_bronze_to_silver_layer.py', '--cfg-path', '/tmp/tmpo9nlhdyi']
[2025-05-02T09:41:23.508+0000] {standard_task_runner.py:91} INFO - Job 48: Subtask wait_for_mysql_to_gcs
[2025-05-02T09:41:23.642+0000] {task_command.py:426} INFO - Running <TaskInstance: gcs_bronze_to_silver.wait_for_mysql_to_gcs scheduled__2025-05-01T00:00:00+00:00 [running]> on host dfbad22d9104
[2025-05-02T09:41:23.779+0000] {taskinstance.py:2648} INFO - Exporting env vars: AIRFLOW_CTX_DAG_OWNER='***' AIRFLOW_CTX_DAG_ID='gcs_bronze_to_silver' AIRFLOW_CTX_TASK_ID='wait_for_mysql_to_gcs' AIRFLOW_CTX_EXECUTION_DATE='2025-05-01T00:00:00+00:00' AIRFLOW_CTX_TRY_NUMBER='1' AIRFLOW_CTX_DAG_RUN_ID='scheduled__2025-05-01T00:00:00+00:00'
[2025-05-02T09:41:23.781+0000] {taskinstance.py:430} INFO - ::endgroup::
[2025-05-02T09:41:23.782+0000] {baseoperator.py:400} WARNING - ExternalTaskSensor.execute cannot be called outside TaskInstance!
[2025-05-02T09:41:23.795+0000] {external_task.py:258} INFO - Poking for tasks ['extract_product_usage_logs'] in dag mysql_to_gcs on 2025-05-01T00:00:00+00:00 ... 
[2025-05-02T09:41:23.812+0000] {dagbag.py:545} INFO - Filling up the DagBag from /opt/***/dags/mysql_to_gcs_dag.py
[2025-05-02T09:41:23.887+0000] {warnings.py:112} WARNING - /home/***/.local/lib/python3.12/site-packages/***/models/dagbag.py:351: RemovedInAirflow3Warning: Param `schedule_interval` is deprecated and will be removed in a future release. Please use `schedule` instead. 
  loader.exec_module(new_module)

[2025-05-02T09:41:24.323+0000] {warnings.py:112} WARNING - /home/***/.local/lib/python3.12/site-packages/***/utils/session.py:79: DeprecationWarning: This method is deprecated and will be removed in future.
  return func(*args, session=session, **kwargs)

[2025-05-02T09:41:24.344+0000] {taskinstance.py:441} INFO - ::group::Post task execution logs
[2025-05-02T09:41:24.405+0000] {taskinstance.py:2865} INFO - Rescheduling task, marking task as UP_FOR_RESCHEDULE
[2025-05-02T09:41:24.447+0000] {local_task_job_runner.py:240} INFO - Task exited with return code 0
[2025-05-02T09:41:24.460+0000] {local_task_job_runner.py:222} INFO - ::endgroup::
[2025-05-02T09:42:27.268+0000] {local_task_job_runner.py:120} INFO - ::group::Pre task execution logs
[2025-05-02T09:42:27.291+0000] {taskinstance.py:2076} INFO - Dependencies all met for dep_context=non-requeueable deps ti=<TaskInstance: gcs_bronze_to_silver.wait_for_mysql_to_gcs scheduled__2025-05-01T00:00:00+00:00 [queued]>
[2025-05-02T09:42:27.304+0000] {taskinstance.py:2076} INFO - Dependencies all met for dep_context=requeueable deps ti=<TaskInstance: gcs_bronze_to_silver.wait_for_mysql_to_gcs scheduled__2025-05-01T00:00:00+00:00 [queued]>
[2025-05-02T09:42:27.305+0000] {taskinstance.py:2306} INFO - Starting attempt 1 of 4
[2025-05-02T09:42:27.363+0000] {taskinstance.py:2330} INFO - Executing <Task(ExternalTaskSensor): wait_for_mysql_to_gcs> on 2025-05-01 00:00:00+00:00
[2025-05-02T09:42:27.372+0000] {warnings.py:112} WARNING - /home/***/.local/lib/python3.12/site-packages/***/task/task_runner/standard_task_runner.py:61: DeprecationWarning: This process (pid=1485) is multi-threaded, use of fork() may lead to deadlocks in the child.
  pid = os.fork()

[2025-05-02T09:42:27.375+0000] {standard_task_runner.py:63} INFO - Started process 1487 to run task
[2025-05-02T09:42:27.375+0000] {standard_task_runner.py:90} INFO - Running: ['***', 'tasks', 'run', 'gcs_bronze_to_silver', 'wait_for_mysql_to_gcs', 'scheduled__2025-05-01T00:00:00+00:00', '--job-id', '49', '--raw', '--subdir', 'DAGS_FOLDER/gcs_bronze_to_silver_layer.py', '--cfg-path', '/tmp/tmpibw1m8bb']
[2025-05-02T09:42:27.377+0000] {standard_task_runner.py:91} INFO - Job 49: Subtask wait_for_mysql_to_gcs
[2025-05-02T09:42:27.473+0000] {task_command.py:426} INFO - Running <TaskInstance: gcs_bronze_to_silver.wait_for_mysql_to_gcs scheduled__2025-05-01T00:00:00+00:00 [running]> on host dfbad22d9104
[2025-05-02T09:42:27.625+0000] {taskinstance.py:2648} INFO - Exporting env vars: AIRFLOW_CTX_DAG_OWNER='***' AIRFLOW_CTX_DAG_ID='gcs_bronze_to_silver' AIRFLOW_CTX_TASK_ID='wait_for_mysql_to_gcs' AIRFLOW_CTX_EXECUTION_DATE='2025-05-01T00:00:00+00:00' AIRFLOW_CTX_TRY_NUMBER='1' AIRFLOW_CTX_DAG_RUN_ID='scheduled__2025-05-01T00:00:00+00:00'
[2025-05-02T09:42:27.626+0000] {taskinstance.py:430} INFO - ::endgroup::
[2025-05-02T09:42:27.627+0000] {baseoperator.py:400} WARNING - ExternalTaskSensor.execute cannot be called outside TaskInstance!
[2025-05-02T09:42:27.639+0000] {external_task.py:258} INFO - Poking for tasks ['extract_product_usage_logs'] in dag mysql_to_gcs on 2025-05-01T00:00:00+00:00 ... 
[2025-05-02T09:42:27.653+0000] {dagbag.py:545} INFO - Filling up the DagBag from /opt/***/dags/mysql_to_gcs_dag.py
[2025-05-02T09:42:27.711+0000] {warnings.py:112} WARNING - /home/***/.local/lib/python3.12/site-packages/***/models/dagbag.py:351: RemovedInAirflow3Warning: Param `schedule_interval` is deprecated and will be removed in a future release. Please use `schedule` instead. 
  loader.exec_module(new_module)

[2025-05-02T09:42:28.040+0000] {warnings.py:112} WARNING - /home/***/.local/lib/python3.12/site-packages/***/utils/session.py:79: DeprecationWarning: This method is deprecated and will be removed in future.
  return func(*args, session=session, **kwargs)

[2025-05-02T09:42:28.054+0000] {taskinstance.py:441} INFO - ::group::Post task execution logs
[2025-05-02T09:42:28.119+0000] {taskinstance.py:2865} INFO - Rescheduling task, marking task as UP_FOR_RESCHEDULE
[2025-05-02T09:42:28.154+0000] {local_task_job_runner.py:240} INFO - Task exited with return code 0
[2025-05-02T09:42:28.188+0000] {taskinstance.py:3503} INFO - 0 downstream tasks scheduled from follow-on schedule check
[2025-05-02T09:42:28.220+0000] {local_task_job_runner.py:222} INFO - ::endgroup::
[2025-05-02T09:43:31.914+0000] {local_task_job_runner.py:120} INFO - ::group::Pre task execution logs
[2025-05-02T09:43:31.940+0000] {taskinstance.py:2076} INFO - Dependencies all met for dep_context=non-requeueable deps ti=<TaskInstance: gcs_bronze_to_silver.wait_for_mysql_to_gcs scheduled__2025-05-01T00:00:00+00:00 [queued]>
[2025-05-02T09:43:31.952+0000] {taskinstance.py:2076} INFO - Dependencies all met for dep_context=requeueable deps ti=<TaskInstance: gcs_bronze_to_silver.wait_for_mysql_to_gcs scheduled__2025-05-01T00:00:00+00:00 [queued]>
[2025-05-02T09:43:31.953+0000] {taskinstance.py:2306} INFO - Starting attempt 1 of 4
[2025-05-02T09:43:32.064+0000] {taskinstance.py:2330} INFO - Executing <Task(ExternalTaskSensor): wait_for_mysql_to_gcs> on 2025-05-01 00:00:00+00:00
[2025-05-02T09:43:32.073+0000] {warnings.py:112} WARNING - /home/***/.local/lib/python3.12/site-packages/***/task/task_runner/standard_task_runner.py:61: DeprecationWarning: This process (pid=1502) is multi-threaded, use of fork() may lead to deadlocks in the child.
  pid = os.fork()

[2025-05-02T09:43:32.076+0000] {standard_task_runner.py:63} INFO - Started process 1504 to run task
[2025-05-02T09:43:32.076+0000] {standard_task_runner.py:90} INFO - Running: ['***', 'tasks', 'run', 'gcs_bronze_to_silver', 'wait_for_mysql_to_gcs', 'scheduled__2025-05-01T00:00:00+00:00', '--job-id', '50', '--raw', '--subdir', 'DAGS_FOLDER/gcs_bronze_to_silver_layer.py', '--cfg-path', '/tmp/tmp82lu4eo5']
[2025-05-02T09:43:32.078+0000] {standard_task_runner.py:91} INFO - Job 50: Subtask wait_for_mysql_to_gcs
[2025-05-02T09:43:32.236+0000] {task_command.py:426} INFO - Running <TaskInstance: gcs_bronze_to_silver.wait_for_mysql_to_gcs scheduled__2025-05-01T00:00:00+00:00 [running]> on host dfbad22d9104
[2025-05-02T09:43:32.392+0000] {taskinstance.py:2648} INFO - Exporting env vars: AIRFLOW_CTX_DAG_OWNER='***' AIRFLOW_CTX_DAG_ID='gcs_bronze_to_silver' AIRFLOW_CTX_TASK_ID='wait_for_mysql_to_gcs' AIRFLOW_CTX_EXECUTION_DATE='2025-05-01T00:00:00+00:00' AIRFLOW_CTX_TRY_NUMBER='1' AIRFLOW_CTX_DAG_RUN_ID='scheduled__2025-05-01T00:00:00+00:00'
[2025-05-02T09:43:32.394+0000] {taskinstance.py:430} INFO - ::endgroup::
[2025-05-02T09:43:32.395+0000] {baseoperator.py:400} WARNING - ExternalTaskSensor.execute cannot be called outside TaskInstance!
[2025-05-02T09:43:32.408+0000] {external_task.py:258} INFO - Poking for tasks ['extract_product_usage_logs'] in dag mysql_to_gcs on 2025-05-01T00:00:00+00:00 ... 
[2025-05-02T09:43:32.422+0000] {dagbag.py:545} INFO - Filling up the DagBag from /opt/***/dags/mysql_to_gcs_dag.py
[2025-05-02T09:43:32.476+0000] {warnings.py:112} WARNING - /home/***/.local/lib/python3.12/site-packages/***/models/dagbag.py:351: RemovedInAirflow3Warning: Param `schedule_interval` is deprecated and will be removed in a future release. Please use `schedule` instead. 
  loader.exec_module(new_module)

[2025-05-02T09:43:32.806+0000] {warnings.py:112} WARNING - /home/***/.local/lib/python3.12/site-packages/***/utils/session.py:79: DeprecationWarning: This method is deprecated and will be removed in future.
  return func(*args, session=session, **kwargs)

[2025-05-02T09:43:32.824+0000] {taskinstance.py:441} INFO - ::group::Post task execution logs
[2025-05-02T09:43:32.931+0000] {taskinstance.py:2865} INFO - Rescheduling task, marking task as UP_FOR_RESCHEDULE
[2025-05-02T09:43:32.974+0000] {local_task_job_runner.py:240} INFO - Task exited with return code 0
[2025-05-02T09:43:33.012+0000] {taskinstance.py:3503} INFO - 0 downstream tasks scheduled from follow-on schedule check
[2025-05-02T09:43:33.042+0000] {local_task_job_runner.py:222} INFO - ::endgroup::
[2025-05-02T09:44:36.987+0000] {local_task_job_runner.py:120} INFO - ::group::Pre task execution logs
[2025-05-02T09:44:37.016+0000] {taskinstance.py:2076} INFO - Dependencies all met for dep_context=non-requeueable deps ti=<TaskInstance: gcs_bronze_to_silver.wait_for_mysql_to_gcs scheduled__2025-05-01T00:00:00+00:00 [queued]>
[2025-05-02T09:44:37.027+0000] {taskinstance.py:2076} INFO - Dependencies all met for dep_context=requeueable deps ti=<TaskInstance: gcs_bronze_to_silver.wait_for_mysql_to_gcs scheduled__2025-05-01T00:00:00+00:00 [queued]>
[2025-05-02T09:44:37.028+0000] {taskinstance.py:2306} INFO - Starting attempt 1 of 4
[2025-05-02T09:44:37.109+0000] {taskinstance.py:2330} INFO - Executing <Task(ExternalTaskSensor): wait_for_mysql_to_gcs> on 2025-05-01 00:00:00+00:00
[2025-05-02T09:44:37.130+0000] {warnings.py:112} WARNING - /home/***/.local/lib/python3.12/site-packages/***/task/task_runner/standard_task_runner.py:61: DeprecationWarning: This process (pid=1518) is multi-threaded, use of fork() may lead to deadlocks in the child.
  pid = os.fork()

[2025-05-02T09:44:37.134+0000] {standard_task_runner.py:63} INFO - Started process 1520 to run task
[2025-05-02T09:44:37.134+0000] {standard_task_runner.py:90} INFO - Running: ['***', 'tasks', 'run', 'gcs_bronze_to_silver', 'wait_for_mysql_to_gcs', 'scheduled__2025-05-01T00:00:00+00:00', '--job-id', '51', '--raw', '--subdir', 'DAGS_FOLDER/gcs_bronze_to_silver_layer.py', '--cfg-path', '/tmp/tmpnvm4z2v0']
[2025-05-02T09:44:37.139+0000] {standard_task_runner.py:91} INFO - Job 51: Subtask wait_for_mysql_to_gcs
[2025-05-02T09:44:37.406+0000] {task_command.py:426} INFO - Running <TaskInstance: gcs_bronze_to_silver.wait_for_mysql_to_gcs scheduled__2025-05-01T00:00:00+00:00 [running]> on host dfbad22d9104
[2025-05-02T09:44:37.868+0000] {taskinstance.py:2648} INFO - Exporting env vars: AIRFLOW_CTX_DAG_OWNER='***' AIRFLOW_CTX_DAG_ID='gcs_bronze_to_silver' AIRFLOW_CTX_TASK_ID='wait_for_mysql_to_gcs' AIRFLOW_CTX_EXECUTION_DATE='2025-05-01T00:00:00+00:00' AIRFLOW_CTX_TRY_NUMBER='1' AIRFLOW_CTX_DAG_RUN_ID='scheduled__2025-05-01T00:00:00+00:00'
[2025-05-02T09:44:37.871+0000] {taskinstance.py:430} INFO - ::endgroup::
[2025-05-02T09:44:37.873+0000] {baseoperator.py:400} WARNING - ExternalTaskSensor.execute cannot be called outside TaskInstance!
[2025-05-02T09:44:37.895+0000] {external_task.py:258} INFO - Poking for tasks ['extract_product_usage_logs'] in dag mysql_to_gcs on 2025-05-01T00:00:00+00:00 ... 
[2025-05-02T09:44:37.916+0000] {dagbag.py:545} INFO - Filling up the DagBag from /opt/***/dags/mysql_to_gcs_dag.py
[2025-05-02T09:44:38.020+0000] {warnings.py:112} WARNING - /home/***/.local/lib/python3.12/site-packages/***/models/dagbag.py:351: RemovedInAirflow3Warning: Param `schedule_interval` is deprecated and will be removed in a future release. Please use `schedule` instead. 
  loader.exec_module(new_module)

[2025-05-02T09:44:39.436+0000] {warnings.py:112} WARNING - /home/***/.local/lib/python3.12/site-packages/***/utils/session.py:79: DeprecationWarning: This method is deprecated and will be removed in future.
  return func(*args, session=session, **kwargs)

[2025-05-02T09:44:39.460+0000] {taskinstance.py:441} INFO - ::group::Post task execution logs
[2025-05-02T09:44:39.576+0000] {taskinstance.py:2865} INFO - Rescheduling task, marking task as UP_FOR_RESCHEDULE
[2025-05-02T09:44:39.684+0000] {local_task_job_runner.py:240} INFO - Task exited with return code 0
[2025-05-02T09:44:39.893+0000] {taskinstance.py:3503} INFO - 0 downstream tasks scheduled from follow-on schedule check
[2025-05-02T09:44:39.966+0000] {local_task_job_runner.py:222} INFO - ::endgroup::
[2025-05-02T09:45:48.097+0000] {local_task_job_runner.py:120} INFO - ::group::Pre task execution logs
[2025-05-02T09:45:48.185+0000] {taskinstance.py:2076} INFO - Dependencies all met for dep_context=non-requeueable deps ti=<TaskInstance: gcs_bronze_to_silver.wait_for_mysql_to_gcs scheduled__2025-05-01T00:00:00+00:00 [queued]>
[2025-05-02T09:45:48.223+0000] {taskinstance.py:2076} INFO - Dependencies all met for dep_context=requeueable deps ti=<TaskInstance: gcs_bronze_to_silver.wait_for_mysql_to_gcs scheduled__2025-05-01T00:00:00+00:00 [queued]>
[2025-05-02T09:45:48.232+0000] {taskinstance.py:2306} INFO - Starting attempt 1 of 4
[2025-05-02T09:45:48.317+0000] {taskinstance.py:2330} INFO - Executing <Task(ExternalTaskSensor): wait_for_mysql_to_gcs> on 2025-05-01 00:00:00+00:00
[2025-05-02T09:45:48.335+0000] {warnings.py:112} WARNING - /home/***/.local/lib/python3.12/site-packages/***/task/task_runner/standard_task_runner.py:61: DeprecationWarning: This process (pid=1528) is multi-threaded, use of fork() may lead to deadlocks in the child.
  pid = os.fork()

[2025-05-02T09:45:48.337+0000] {standard_task_runner.py:63} INFO - Started process 1537 to run task
[2025-05-02T09:45:48.346+0000] {standard_task_runner.py:90} INFO - Running: ['***', 'tasks', 'run', 'gcs_bronze_to_silver', 'wait_for_mysql_to_gcs', 'scheduled__2025-05-01T00:00:00+00:00', '--job-id', '52', '--raw', '--subdir', 'DAGS_FOLDER/gcs_bronze_to_silver_layer.py', '--cfg-path', '/tmp/tmpkwizlw1v']
[2025-05-02T09:45:48.352+0000] {standard_task_runner.py:91} INFO - Job 52: Subtask wait_for_mysql_to_gcs
[2025-05-02T09:45:48.587+0000] {task_command.py:426} INFO - Running <TaskInstance: gcs_bronze_to_silver.wait_for_mysql_to_gcs scheduled__2025-05-01T00:00:00+00:00 [running]> on host dfbad22d9104
[2025-05-02T09:45:49.018+0000] {taskinstance.py:2648} INFO - Exporting env vars: AIRFLOW_CTX_DAG_OWNER='***' AIRFLOW_CTX_DAG_ID='gcs_bronze_to_silver' AIRFLOW_CTX_TASK_ID='wait_for_mysql_to_gcs' AIRFLOW_CTX_EXECUTION_DATE='2025-05-01T00:00:00+00:00' AIRFLOW_CTX_TRY_NUMBER='1' AIRFLOW_CTX_DAG_RUN_ID='scheduled__2025-05-01T00:00:00+00:00'
[2025-05-02T09:45:49.031+0000] {taskinstance.py:430} INFO - ::endgroup::
[2025-05-02T09:45:49.036+0000] {baseoperator.py:400} WARNING - ExternalTaskSensor.execute cannot be called outside TaskInstance!
[2025-05-02T09:45:49.101+0000] {external_task.py:258} INFO - Poking for tasks ['extract_product_usage_logs'] in dag mysql_to_gcs on 2025-05-01T00:00:00+00:00 ... 
[2025-05-02T09:45:49.231+0000] {dagbag.py:545} INFO - Filling up the DagBag from /opt/***/dags/mysql_to_gcs_dag.py
[2025-05-02T09:45:49.522+0000] {warnings.py:112} WARNING - /home/***/.local/lib/python3.12/site-packages/***/models/dagbag.py:351: RemovedInAirflow3Warning: Param `schedule_interval` is deprecated and will be removed in a future release. Please use `schedule` instead. 
  loader.exec_module(new_module)

[2025-05-02T09:45:51.274+0000] {warnings.py:112} WARNING - /home/***/.local/lib/python3.12/site-packages/***/utils/session.py:79: DeprecationWarning: This method is deprecated and will be removed in future.
  return func(*args, session=session, **kwargs)

[2025-05-02T09:45:51.403+0000] {taskinstance.py:441} INFO - ::group::Post task execution logs
[2025-05-02T09:45:51.549+0000] {taskinstance.py:2865} INFO - Rescheduling task, marking task as UP_FOR_RESCHEDULE
[2025-05-02T09:45:51.679+0000] {local_task_job_runner.py:240} INFO - Task exited with return code 0
[2025-05-02T09:45:51.847+0000] {taskinstance.py:3503} INFO - 0 downstream tasks scheduled from follow-on schedule check
[2025-05-02T09:45:51.880+0000] {local_task_job_runner.py:222} INFO - ::endgroup::
