[2025-05-02T11:07:22.760+0000] {local_task_job_runner.py:120} INFO - ::group::Pre task execution logs
[2025-05-02T11:07:22.827+0000] {taskinstance.py:2076} INFO - Dependencies all met for dep_context=non-requeueable deps ti=<TaskInstance: gcs_silver_to_golden_bigquery.transform_and_upload_golden manual__2025-05-02T11:06:52.000865+00:00 [queued]>
[2025-05-02T11:07:22.845+0000] {taskinstance.py:2076} INFO - Dependencies all met for dep_context=requeueable deps ti=<TaskInstance: gcs_silver_to_golden_bigquery.transform_and_upload_golden manual__2025-05-02T11:06:52.000865+00:00 [queued]>
[2025-05-02T11:07:22.918+0000] {taskinstance.py:2306} INFO - Starting attempt 1 of 1
[2025-05-02T11:07:23.034+0000] {taskinstance.py:2330} INFO - Executing <Task(PythonOperator): transform_and_upload_golden> on 2025-05-02 11:06:52.000865+00:00
[2025-05-02T11:07:23.086+0000] {warnings.py:112} WARNING - /home/***/.local/lib/python3.12/site-packages/***/task/task_runner/standard_task_runner.py:61: DeprecationWarning: This process (pid=2484) is multi-threaded, use of fork() may lead to deadlocks in the child.
  pid = os.fork()

[2025-05-02T11:07:23.089+0000] {standard_task_runner.py:90} INFO - Running: ['***', 'tasks', 'run', 'gcs_silver_to_golden_bigquery', 'transform_and_upload_golden', 'manual__2025-05-02T11:06:52.000865+00:00', '--job-id', '67', '--raw', '--subdir', 'DAGS_FOLDER/gcs_silver_to_gold_layer_and_bigquery.py', '--cfg-path', '/tmp/tmpr858lnx4']
[2025-05-02T11:07:23.105+0000] {standard_task_runner.py:63} INFO - Started process 2486 to run task
[2025-05-02T11:07:23.111+0000] {standard_task_runner.py:91} INFO - Job 67: Subtask transform_and_upload_golden
[2025-05-02T11:07:23.655+0000] {task_command.py:426} INFO - Running <TaskInstance: gcs_silver_to_golden_bigquery.transform_and_upload_golden manual__2025-05-02T11:06:52.000865+00:00 [running]> on host dfbad22d9104
[2025-05-02T11:07:24.687+0000] {taskinstance.py:2648} INFO - Exporting env vars: AIRFLOW_CTX_DAG_OWNER='***' AIRFLOW_CTX_DAG_ID='gcs_silver_to_golden_bigquery' AIRFLOW_CTX_TASK_ID='transform_and_upload_golden' AIRFLOW_CTX_EXECUTION_DATE='2025-05-02T11:06:52.000865+00:00' AIRFLOW_CTX_TRY_NUMBER='1' AIRFLOW_CTX_DAG_RUN_ID='manual__2025-05-02T11:06:52.000865+00:00'
[2025-05-02T11:07:24.691+0000] {taskinstance.py:430} INFO - ::endgroup::
[2025-05-02T11:07:24.693+0000] {warnings.py:112} WARNING - /home/***/.local/lib/python3.12/site-packages/***/utils/context.py:320: AirflowContextDeprecationWarning: Accessing 'execution_date' from the template is deprecated and will be removed in a future version. Please use 'data_interval_start' or 'logical_date' instead.
  warnings.warn(_create_deprecation_warning(k, replacements))

[2025-05-02T11:07:24.694+0000] {gcs_silver_to_gold_layer_and_bigquery.py:25} INFO - Starting transformation at 20250502_110652
[2025-05-02T11:07:24.831+0000] {gcs_silver_to_gold_layer_and_bigquery.py:29} INFO - Created temporary directory: /tmp/tmp1adz36lh
[2025-05-02T11:07:24.859+0000] {connection.py:274} WARNING - Connection schemes (type: google_cloud_platform) shall not contain '_' according to RFC3986.
[2025-05-02T11:07:24.868+0000] {base.py:84} INFO - Using connection ID 'google_cloud_default' for task execution.
[2025-05-02T11:07:26.797+0000] {gcs_silver_to_gold_layer_and_bigquery.py:38} INFO - Found files in silver layer: ['silver_layer/transformed_data_20250502_094703.csv']
[2025-05-02T11:07:26.801+0000] {gcs_silver_to_gold_layer_and_bigquery.py:55} INFO - Selected latest file: silver_layer/transformed_data_20250502_094703.csv
[2025-05-02T11:07:30.670+0000] {gcs.py:347} INFO - File downloaded to /tmp/tmp1adz36lh/transformed_data_20250502_094703.csv
[2025-05-02T11:07:30.676+0000] {gcs_silver_to_gold_layer_and_bigquery.py:64} INFO - Downloaded silver_layer/transformed_data_20250502_094703.csv to /tmp/tmp1adz36lh/transformed_data_20250502_094703.csv
[2025-05-02T11:07:31.302+0000] {gcs_silver_to_gold_layer_and_bigquery.py:89} INFO - Saved golden data to /tmp/tmp1adz36lh/golden_data_20250502_110652.csv
[2025-05-02T11:07:37.181+0000] {gcs.py:560} INFO - File /tmp/tmp1adz36lh/golden_data_20250502_110652.csv uploaded to golden_layer/golden_data_20250502_110652.csv in mysql-to-gcs-bronze-layer bucket
[2025-05-02T11:07:37.183+0000] {gcs_silver_to_gold_layer_and_bigquery.py:97} INFO - Uploaded golden_data_20250502_110652.csv to golden_layer/
[2025-05-02T11:07:37.199+0000] {connection.py:274} WARNING - Connection schemes (type: google_cloud_platform) shall not contain '_' according to RFC3986.
[2025-05-02T11:07:37.201+0000] {base.py:84} INFO - Using connection ID 'google_cloud_default' for task execution.
[2025-05-02T11:07:38.681+0000] {gcs_silver_to_gold_layer_and_bigquery.py:116} INFO - Dataset golden_layer already exists.
[2025-05-02T11:07:38.685+0000] {bigquery.py:2385} INFO - Project is not included in destination_project_dataset_table: golden_layer.golden_customer_summary; using project "bigquery-email-454109"
[2025-05-02T11:07:38.687+0000] {bigquery.py:1670} INFO - Inserting job ***_1746184058686634_1e45f64206ec910f1dfcbc6ccd9358c7
[2025-05-02T11:07:42.447+0000] {gcs_silver_to_gold_layer_and_bigquery.py:152} INFO - Loaded data into BigQuery table golden_layer.golden_customer_summary
[2025-05-02T11:07:42.448+0000] {python.py:237} INFO - Done. Returned value was: None
[2025-05-02T11:07:42.448+0000] {taskinstance.py:441} INFO - ::group::Post task execution logs
[2025-05-02T11:07:42.471+0000] {taskinstance.py:1206} INFO - Marking task as SUCCESS. dag_id=gcs_silver_to_golden_bigquery, task_id=transform_and_upload_golden, run_id=manual__2025-05-02T11:06:52.000865+00:00, execution_date=20250502T110652, start_date=20250502T110722, end_date=20250502T110742
[2025-05-02T11:07:42.868+0000] {local_task_job_runner.py:240} INFO - Task exited with return code 0
[2025-05-02T11:07:43.203+0000] {taskinstance.py:3503} INFO - 0 downstream tasks scheduled from follow-on schedule check
[2025-05-02T11:07:43.282+0000] {local_task_job_runner.py:222} INFO - ::endgroup::
