[2025-05-02T09:47:26.388+0000] {local_task_job_runner.py:120} INFO - ::group::Pre task execution logs
[2025-05-02T09:47:26.507+0000] {taskinstance.py:2076} INFO - Dependencies all met for dep_context=non-requeueable deps ti=<TaskInstance: gcs_bronze_to_silver.transform_and_upload manual__2025-05-02T09:47:03.550952+00:00 [queued]>
[2025-05-02T09:47:26.556+0000] {taskinstance.py:2076} INFO - Dependencies all met for dep_context=requeueable deps ti=<TaskInstance: gcs_bronze_to_silver.transform_and_upload manual__2025-05-02T09:47:03.550952+00:00 [queued]>
[2025-05-02T09:47:26.557+0000] {taskinstance.py:2306} INFO - Starting attempt 1 of 1
[2025-05-02T09:47:26.634+0000] {taskinstance.py:2330} INFO - Executing <Task(PythonOperator): transform_and_upload> on 2025-05-02 09:47:03.550952+00:00
[2025-05-02T09:47:26.655+0000] {warnings.py:112} WARNING - /home/***/.local/lib/python3.12/site-packages/***/task/task_runner/standard_task_runner.py:61: DeprecationWarning: This process (pid=1562) is multi-threaded, use of fork() may lead to deadlocks in the child.
  pid = os.fork()

[2025-05-02T09:47:26.672+0000] {standard_task_runner.py:63} INFO - Started process 1564 to run task
[2025-05-02T09:47:26.669+0000] {standard_task_runner.py:90} INFO - Running: ['***', 'tasks', 'run', 'gcs_bronze_to_silver', 'transform_and_upload', 'manual__2025-05-02T09:47:03.550952+00:00', '--job-id', '56', '--raw', '--subdir', 'DAGS_FOLDER/gcs_bronze_to_silver_layer.py', '--cfg-path', '/tmp/tmpdxq_qz7r']
[2025-05-02T09:47:26.686+0000] {standard_task_runner.py:91} INFO - Job 56: Subtask transform_and_upload
[2025-05-02T09:47:26.967+0000] {task_command.py:426} INFO - Running <TaskInstance: gcs_bronze_to_silver.transform_and_upload manual__2025-05-02T09:47:03.550952+00:00 [running]> on host dfbad22d9104
[2025-05-02T09:47:27.437+0000] {taskinstance.py:2648} INFO - Exporting env vars: AIRFLOW_CTX_DAG_OWNER='***' AIRFLOW_CTX_DAG_ID='gcs_bronze_to_silver' AIRFLOW_CTX_TASK_ID='transform_and_upload' AIRFLOW_CTX_EXECUTION_DATE='2025-05-02T09:47:03.550952+00:00' AIRFLOW_CTX_TRY_NUMBER='1' AIRFLOW_CTX_DAG_RUN_ID='manual__2025-05-02T09:47:03.550952+00:00'
[2025-05-02T09:47:27.447+0000] {taskinstance.py:430} INFO - ::endgroup::
[2025-05-02T09:47:27.449+0000] {warnings.py:112} WARNING - /home/***/.local/lib/python3.12/site-packages/***/utils/context.py:320: AirflowContextDeprecationWarning: Accessing 'execution_date' from the template is deprecated and will be removed in a future version. Please use 'data_interval_start' or 'logical_date' instead.
  warnings.warn(_create_deprecation_warning(k, replacements))

[2025-05-02T09:47:27.465+0000] {gcs_bronze_to_silver_layer.py:23} INFO - Starting transformation at 20250502_094703
[2025-05-02T09:47:27.466+0000] {gcs_bronze_to_silver_layer.py:27} INFO - Created temporary directory: /tmp/tmp18utw7__
[2025-05-02T09:47:27.537+0000] {connection.py:274} WARNING - Connection schemes (type: google_cloud_platform) shall not contain '_' according to RFC3986.
[2025-05-02T09:47:27.544+0000] {base.py:84} INFO - Using connection ID 'google_cloud_default' for task execution.
[2025-05-02T09:47:29.782+0000] {gcs_bronze_to_silver_layer.py:36} INFO - Found files in bronze layer: ['bronze_layer/', 'bronze_layer/customers_data_20250502_072854.csv', 'bronze_layer/customers_data_20250502_091325.csv', 'bronze_layer/customers_data_20250502_093703.csv', 'bronze_layer/customers_data_20250502_094636.csv', 'bronze_layer/data.csv', 'bronze_layer/product_usage_logs_data_20250502_072854.csv', 'bronze_layer/product_usage_logs_data_20250502_091325.csv', 'bronze_layer/product_usage_logs_data_20250502_093703.csv', 'bronze_layer/product_usage_logs_data_20250502_094636.csv', 'bronze_layer/support_logs_data_20250502_072854.csv', 'bronze_layer/support_logs_data_20250502_091325.csv', 'bronze_layer/support_logs_data_20250502_093703.csv', 'bronze_layer/support_logs_data_20250502_094636.csv']
[2025-05-02T09:47:29.792+0000] {gcs_bronze_to_silver_layer.py:59} INFO - Latest files selected per table: {'customers': 'bronze_layer/customers_data_20250502_094636.csv', 'product_usage_logs': 'bronze_layer/product_usage_logs_data_20250502_094636.csv', 'support_logs': 'bronze_layer/support_logs_data_20250502_094636.csv'}
[2025-05-02T09:47:31.101+0000] {gcs.py:347} INFO - File downloaded to /tmp/tmp18utw7__/customers_data_20250502_094636.csv
[2025-05-02T09:47:31.108+0000] {gcs_bronze_to_silver_layer.py:70} INFO - Downloaded bronze_layer/customers_data_20250502_094636.csv to /tmp/tmp18utw7__/customers_data_20250502_094636.csv
[2025-05-02T09:47:32.869+0000] {gcs.py:347} INFO - File downloaded to /tmp/tmp18utw7__/product_usage_logs_data_20250502_094636.csv
[2025-05-02T09:47:32.871+0000] {gcs_bronze_to_silver_layer.py:70} INFO - Downloaded bronze_layer/product_usage_logs_data_20250502_094636.csv to /tmp/tmp18utw7__/product_usage_logs_data_20250502_094636.csv
[2025-05-02T09:47:34.777+0000] {gcs.py:347} INFO - File downloaded to /tmp/tmp18utw7__/support_logs_data_20250502_094636.csv
[2025-05-02T09:47:34.791+0000] {gcs_bronze_to_silver_layer.py:70} INFO - Downloaded bronze_layer/support_logs_data_20250502_094636.csv to /tmp/tmp18utw7__/support_logs_data_20250502_094636.csv
[2025-05-02T09:47:36.729+0000] {gcs_bronze_to_silver_layer.py:100} INFO - Saved transformed data to /tmp/tmp18utw7__/transformed_data_20250502_094703.csv
[2025-05-02T09:47:39.518+0000] {gcs.py:560} INFO - File /tmp/tmp18utw7__/transformed_data_20250502_094703.csv uploaded to silver_layer/transformed_data_20250502_094703.csv in mysql-to-gcs-bronze-layer bucket
[2025-05-02T09:47:39.533+0000] {gcs_bronze_to_silver_layer.py:108} INFO - Uploaded transformed_data_20250502_094703.csv to silver_layer/
[2025-05-02T09:47:39.552+0000] {python.py:237} INFO - Done. Returned value was: None
[2025-05-02T09:47:39.566+0000] {taskinstance.py:441} INFO - ::group::Post task execution logs
[2025-05-02T09:47:39.638+0000] {taskinstance.py:1206} INFO - Marking task as SUCCESS. dag_id=gcs_bronze_to_silver, task_id=transform_and_upload, run_id=manual__2025-05-02T09:47:03.550952+00:00, execution_date=20250502T094703, start_date=20250502T094726, end_date=20250502T094739
[2025-05-02T09:47:39.969+0000] {local_task_job_runner.py:240} INFO - Task exited with return code 0
[2025-05-02T09:47:40.075+0000] {taskinstance.py:3503} INFO - 0 downstream tasks scheduled from follow-on schedule check
[2025-05-02T09:47:40.163+0000] {local_task_job_runner.py:222} INFO - ::endgroup::
